[debug] [2022-10-03T18:42:13.637Z] ----------------------------------------------------------------------
[debug] [2022-10-03T18:42:13.638Z] Command:       C:\Program Files\nodejs\node.exe C:\Users\Moose\AppData\Roaming\npm\node_modules\firebase-tools\lib\bin\firebase.js init
[debug] [2022-10-03T18:42:13.639Z] CLI Version:   11.13.0
[debug] [2022-10-03T18:42:13.639Z] Platform:      win32
[debug] [2022-10-03T18:42:13.639Z] Node Version:  v16.15.1
[debug] [2022-10-03T18:42:13.640Z] Time:          Tue Oct 04 2022 02:42:13 GMT+0800 (Singapore Standard Time)
[debug] [2022-10-03T18:42:13.640Z] ----------------------------------------------------------------------
[debug] 
[debug] [2022-10-03T18:42:13.646Z] > command requires scopes: ["email","openid","https://www.googleapis.com/auth/cloudplatformprojects.readonly","https://www.googleapis.com/auth/firebase","https://www.googleapis.com/auth/cloud-platform"]
[debug] [2022-10-03T18:42:13.646Z] > authorizing via signed-in user (gabrielmarianoofficial@gmail.com)
[info] 
     ######## #### ########  ######## ########     ###     ######  ########
     ##        ##  ##     ## ##       ##     ##  ##   ##  ##       ##
     ######    ##  ########  ######   ########  #########  ######  ######
     ##        ##  ##    ##  ##       ##     ## ##     ##       ## ##
     ##       #### ##     ## ######## ########  ##     ##  ######  ########

You're about to initialize a Firebase project in this directory:

  E:\other codings\Home\React\portfolio

[info] 
=== Project Setup
[info] 
[info] First, let's associate this project directory with a Firebase project.
[info] You can create multiple project aliases by running firebase use --add, 
[info] but for now we'll just set up a default project.
[info] 
[debug] [2022-10-03T18:42:21.536Z] > refreshing access token with scopes: []
[debug] [2022-10-03T18:42:21.538Z] >>> [apiv2][query] POST https://www.googleapis.com/oauth2/v3/token [none]
[debug] [2022-10-03T18:42:21.538Z] >>> [apiv2][body] POST https://www.googleapis.com/oauth2/v3/token [omitted]
[debug] [2022-10-03T18:42:21.774Z] <<< [apiv2][status] POST https://www.googleapis.com/oauth2/v3/token 200
[debug] [2022-10-03T18:42:21.775Z] <<< [apiv2][body] POST https://www.googleapis.com/oauth2/v3/token [omitted]
[debug] [2022-10-03T18:42:21.787Z] >>> [apiv2][query] GET https://firebase.googleapis.com/v1beta1/projects pageSize=100
[debug] [2022-10-03T18:42:22.685Z] <<< [apiv2][status] GET https://firebase.googleapis.com/v1beta1/projects 200
[debug] [2022-10-03T18:42:22.685Z] <<< [apiv2][body] GET https://firebase.googleapis.com/v1beta1/projects [omitted]
[debug] [2022-10-03T18:42:39.963Z] ----------------------------------------------------------------------
[debug] [2022-10-03T18:42:39.965Z] Command:       C:\Program Files\nodejs\node.exe C:\Users\Moose\AppData\Roaming\npm\node_modules\firebase-tools\lib\bin\firebase.js init
[debug] [2022-10-03T18:42:39.965Z] CLI Version:   11.13.0
[debug] [2022-10-03T18:42:39.965Z] Platform:      win32
[debug] [2022-10-03T18:42:39.965Z] Node Version:  v16.15.1
[debug] [2022-10-03T18:42:39.966Z] Time:          Tue Oct 04 2022 02:42:39 GMT+0800 (Singapore Standard Time)
[debug] [2022-10-03T18:42:39.966Z] ----------------------------------------------------------------------
[debug] 
[debug] [2022-10-03T18:42:39.972Z] > command requires scopes: ["email","openid","https://www.googleapis.com/auth/cloudplatformprojects.readonly","https://www.googleapis.com/auth/firebase","https://www.googleapis.com/auth/cloud-platform"]
[debug] [2022-10-03T18:42:39.972Z] > authorizing via signed-in user (gabrielmarianoofficial@gmail.com)
[info] 
     ######## #### ########  ######## ########     ###     ######  ########
     ##        ##  ##     ## ##       ##     ##  ##   ##  ##       ##
     ######    ##  ########  ######   ########  #########  ######  ######
     ##        ##  ##    ##  ##       ##     ## ##     ##       ## ##
     ##       #### ##     ## ######## ########  ##     ##  ######  ########

You're about to initialize a Firebase project in this directory:

  E:\other codings\Home\React\portfolio

[info] 
=== Project Setup
[info] 
[info] First, let's associate this project directory with a Firebase project.
[info] You can create multiple project aliases by running firebase use --add, 
[info] but for now we'll just set up a default project.
[info] 
[debug] [2022-10-03T18:42:44.085Z] >>> [apiv2][query] GET https://firebase.googleapis.com/v1beta1/projects pageSize=100
[debug] [2022-10-03T18:42:44.951Z] <<< [apiv2][status] GET https://firebase.googleapis.com/v1beta1/projects 200
[debug] [2022-10-03T18:42:44.952Z] <<< [apiv2][body] GET https://firebase.googleapis.com/v1beta1/projects [omitted]
[info] i  Using project porfolio-v1 (porfolio-v1) 
[info] 
=== Hosting Setup
[info] 
[info] Your public directory is the folder (relative to your project directory) that
[info] will contain Hosting assets to be uploaded with firebase deploy. If you
[info] have a build process for your assets, use your build's output directory.
[info] 
